
**** 06/06/21 15:11:05 *********** Evaluation PSpice (Nov 1999) **************

 EXEMPLO 2 RESOLUCAO


 ****     CIRCUIT DESCRIPTION


******************************************************************************




V1 1 0 DC 24
R1 1 2 5
L1 2 3 1
C1 3 0 0.25

.IC I(L1) = 4
.IC v(3,0) = 4

.tran 0.05 1 uic
.plot tran I(R1)
.end

**** 06/06/21 15:11:05 *********** Evaluation PSpice (Nov 1999) **************

 EXEMPLO 2 RESOLUCAO


 ****     TRANSIENT ANALYSIS               TEMPERATURE =   27.000 DEG C


******************************************************************************



  TIME        I(R1)       
(*)----------    1.0000E+00   2.0000E+00   3.0000E+00   4.0000E+00   5.0000E+00
                       _ _ _ _ _ _ _ _ _ _ _ _ _ _ _ _ _ _ _ _ _ _ _ _ _ _ _
  0.000E+00  4.000E+00 .            .            .            *            .
  5.000E-02  3.981E+00 .            .            .            *            .
  1.000E-01  3.932E+00 .            .            .           *.            .
  1.500E-01  3.859E+00 .            .            .          * .            .
  2.000E-01  3.767E+00 .            .            .         *  .            .
  2.500E-01  3.663E+00 .            .            .        *   .            .
  3.000E-01  3.550E+00 .            .            .      *     .            .
  3.500E-01  3.430E+00 .            .            .     *      .            .
  4.000E-01  3.306E+00 .            .            .   *        .            .
  4.500E-01  3.180E+00 .            .            . *          .            .
  5.000E-01  3.055E+00 .            .            .*           .            .
  5.500E-01  2.929E+00 .            .           *.            .            .
  6.000E-01  2.806E+00 .            .         *  .            .            .
  6.500E-01  2.685E+00 .            .        *   .            .            .
  7.000E-01  2.567E+00 .            .      *     .            .            .
  7.500E-01  2.453E+00 .            .     *      .            .            .
  8.000E-01  2.342E+00 .            .   *        .            .            .
  8.500E-01  2.235E+00 .            .  *         .            .            .
  9.000E-01  2.132E+00 .            . *          .            .            .
  9.500E-01  2.033E+00 .            *            .            .            .
  1.000E+00  1.938E+00 .           *.            .            .            .
                       - - - - - - - - - - - - - - - - - - - - - - - - - - - 




          JOB CONCLUDED

          TOTAL JOB TIME             .02
