
**** 06/06/21 15:01:20 *********** Evaluation PSpice (Nov 1999) **************

 EXEMPLO


 ****     CIRCUIT DESCRIPTION


******************************************************************************




V1 1 0 DC 100
R1 1 2 20
R2 2 0 30

.DC V1 100 100 1

.PRINT DC I(R1)
.PRINT DC V(1,2) V(2,0)

.END

**** 06/06/21 15:01:20 *********** Evaluation PSpice (Nov 1999) **************

 EXEMPLO


 ****     DC TRANSFER CURVES               TEMPERATURE =   27.000 DEG C


******************************************************************************



  V1          I(R1)       

   1.000E+02   2.000E+00



**** 06/06/21 15:01:20 *********** Evaluation PSpice (Nov 1999) **************

 EXEMPLO


 ****     DC TRANSFER CURVES               TEMPERATURE =   27.000 DEG C


******************************************************************************



  V1          V(1,2)      V(2,0)      

   1.000E+02   4.000E+01   6.000E+01




          JOB CONCLUDED

          TOTAL JOB TIME            0.00
